<?xml version="1.0" encoding="UTF-8"?>
<!-- Generated by org.testng.reporters.JUnitReportReporter -->
<testsuite hostname="reserv-c97" failures="0" tests="2" name="test.SearchTest" time="23.166" errors="0" timestamp="2021-06-07T17:57:55 ART" skipped="0">
  <testcase classname="test.SearchTest" name="testSearchWithResults" time="14.066"/>
  <system-out/>
  <testcase classname="test.SearchTest" name="testSearchWithoutResult" time="9.100"/>
  <system-out/>
</testsuite> <!-- test.SearchTest -->
