<?xml version="1.0" encoding="UTF-8"?>
<!-- Generated by org.testng.reporters.JUnitReportReporter -->
<testsuite hostname="reserv-c97" failures="0" tests="2" name="test.SearchTest" time="11.633" errors="0" timestamp="2021-06-10T18:00:23 ART" skipped="0">
  <testcase classname="test.SearchTest" name="testSearchWithResult" time="4.623"/>
  <system-out/>
  <testcase classname="test.SearchTest" name="testSearchWithoutResult" time="7.010"/>
  <system-out/>
</testsuite> <!-- test.SearchTest -->
