<?xml version="1.0" encoding="UTF-8"?>
<!-- Generated by org.testng.reporters.JUnitReportReporter -->
<testsuite hostname="reserv-c97" failures="0" tests="2" name="test.SearchTest" time="12.999" errors="0" timestamp="2021-06-09T18:10:40 ART" skipped="0">
  <testcase classname="test.SearchTest" name="testSearchWithResult" time="6.429"/>
  <system-out/>
  <testcase classname="test.SearchTest" name="testSearchWithoutResult" time="6.570"/>
  <system-out/>
</testsuite> <!-- test.SearchTest -->
