<?xml version="1.0" encoding="UTF-8"?>
<!-- Generated by org.testng.reporters.JUnitReportReporter -->
<testsuite hostname="reserv-c97" failures="0" tests="1" name="test.LoginTest" time="13.712" errors="0" timestamp="2021-06-16T17:08:23 ART" skipped="0">
  <testcase classname="test.LoginTest" name="trueLogin" time="13.712"/>
  <system-out/>
</testsuite> <!-- test.LoginTest -->
