<?xml version="1.0" encoding="UTF-8"?>
<!-- Generated by org.testng.reporters.JUnitReportReporter -->
<testsuite hostname="reserv-c97" failures="0" tests="1" name="test.OrderTest" time="10.310" errors="0" timestamp="2021-06-10T18:00:23 ART" skipped="0">
  <testcase classname="test.OrderTest" name="seachByHigherPriceTest" time="10.310"/>
  <system-out/>
</testsuite> <!-- test.OrderTest -->
