<?xml version="1.0" encoding="UTF-8"?>
<!-- Generated by org.testng.reporters.JUnitReportReporter -->
<testsuite hostname="reserv-c97" failures="0" tests="1" name="test.LoginTest" time="15.573" errors="0" timestamp="2021-06-16T16:44:33 ART" skipped="0">
  <testcase classname="test.LoginTest" name="trueLogin" time="15.573"/>
  <system-out/>
</testsuite> <!-- test.LoginTest -->
