<?xml version="1.0" encoding="UTF-8"?>
<!-- Generated by org.testng.reporters.JUnitReportReporter -->
<testsuite hostname="reserv-c97" failures="0" tests="2" name="test.SearchTest" time="10.983" errors="0" timestamp="2021-06-15T18:05:07 ART" skipped="1">
  <testcase classname="test.SearchTest" name="testSearchWithoutResult" time="10.983"/>
  <system-out/>
  <testcase classname="test.SearchTest" name="testSearchWithResult">
    <skipped/>
  </testcase> <!-- testSearchWithResult -->
  <system-out/>
</testsuite> <!-- test.SearchTest -->
